<?xml version="1.0" encoding="UTF-8"?>
<testng-results ignored="0" total="1" passed="1" failed="0" skipped="0">
  <reporter-output>
  </reporter-output>
  <suite started-at="2021-04-03T18:38:42 IST" name="Default suite" finished-at="2021-04-03T18:38:49 IST" duration-ms="7874">
    <groups>
    </groups>
    <test started-at="2021-04-03T18:38:42 IST" name="Default test" finished-at="2021-04-03T18:38:49 IST" duration-ms="7874">
      <class name="screenshot.ScreenShotTest">
        <test-method is-config="true" signature="setup()[pri:0, instance:screenshot.ScreenShotTest@51399530]" started-at="2021-04-03T18:38:42 IST" name="setup" finished-at="2021-04-03T18:38:48 IST" duration-ms="6344" status="PASS">
          <reporter-output>
          </reporter-output>
        </test-method> <!-- setup -->
        <test-method signature="testcase1()[pri:0, instance:screenshot.ScreenShotTest@51399530]" started-at="2021-04-03T18:38:48 IST" name="testcase1" finished-at="2021-04-03T18:38:49 IST" duration-ms="620" status="PASS">
          <reporter-output>
          </reporter-output>
        </test-method> <!-- testcase1 -->
        <test-method is-config="true" signature="TearDown()[pri:0, instance:screenshot.ScreenShotTest@51399530]" started-at="2021-04-03T18:38:49 IST" name="TearDown" finished-at="2021-04-03T18:38:49 IST" duration-ms="866" status="PASS">
          <reporter-output>
          </reporter-output>
        </test-method> <!-- TearDown -->
      </class> <!-- screenshot.ScreenShotTest -->
    </test> <!-- Default test -->
  </suite> <!-- Default suite -->
</testng-results>
